<?xml version="1.0" encoding="UTF-8"?>
<testng-results ignored="0" total="1" passed="1" failed="0" skipped="0">
  <reporter-output>
  </reporter-output>
  <suite started-at="2023-05-16T09:04:59Z" name="Default suite" finished-at="2023-05-16T09:05:02Z" duration-ms="2793">
    <groups>
    </groups>
    <test started-at="2023-05-16T09:04:59Z" name="Default test" finished-at="2023-05-16T09:05:02Z" duration-ms="2793">
      <class name="com.TestNGChallenge.CrossBrowserTesting">
        <test-method is-config="true" signature="getOpenBrowser()[pri:0, instance:com.TestNGChallenge.CrossBrowserTesting@51fadaff]" started-at="2023-05-16T09:04:59Z" name="getOpenBrowser" finished-at="2023-05-16T09:05:00Z" duration-ms="1067" status="PASS">
          <reporter-output>
          </reporter-output>
        </test-method> <!-- getOpenBrowser -->
        <test-method signature="getLogin()[pri:0, instance:com.TestNGChallenge.CrossBrowserTesting@51fadaff]" started-at="2023-05-16T09:05:00Z" name="getLogin" finished-at="2023-05-16T09:05:02Z" duration-ms="1508" status="PASS">
          <reporter-output>
          </reporter-output>
        </test-method> <!-- getLogin -->
        <test-method is-config="true" signature="getCloseBrowser()[pri:0, instance:com.TestNGChallenge.CrossBrowserTesting@51fadaff]" started-at="2023-05-16T09:05:02Z" name="getCloseBrowser" finished-at="2023-05-16T09:05:02Z" duration-ms="198" status="PASS">
          <reporter-output>
          </reporter-output>
        </test-method> <!-- getCloseBrowser -->
      </class> <!-- com.TestNGChallenge.CrossBrowserTesting -->
    </test> <!-- Default test -->
  </suite> <!-- Default suite -->
</testng-results>
